

*******************************************************************************
Wed Mar 11 18:35:22 2020


FIT:    data read from 'rn-e-2.dat' u 1:2
        format = x:z
        #datapoints = 13
        residuals are weighted equally (unit weight)

function used for fitting: E(x)
	E(x)=Eo*(1.0+a*(x/ao-1.0))*exp(-a*(x/ao-1.0))*(x-Rc)**4.0/(Tc**4+(x-Rc)**4)-0.795023
fitted parameters initialized with current variable values

iter      chisq       delta/lim  lambda   Eo            a             ao           
   0 1.1880858654e+01   0.00e+00  2.50e+00   -5.000000e+00   1.000000e-01   2.500000e+00
 823 5.0817188957e-06  -9.92e-01  2.50e-04   -1.209001e+01   3.065011e-02   3.759664e-02

After 823 iterations the fit converged.
final sum of squares of residuals : 5.08172e-06
rel. change during last iteration : -9.91925e-06

degrees of freedom    (FIT_NDF)                        : 10
rms of residuals      (FIT_STDFIT) = sqrt(WSSR/ndf)    : 0.000712862
variance of residuals (reduced chisquare) = WSSR/ndf   : 5.08172e-07

Final set of parameters            Asymptotic Standard Error
=======================            ==========================
Eo              = -12.09           +/- 326.9        (2704%)
a               = 0.0306501        +/- 61.56        (2.008e+05%)
ao              = 0.0375966        +/- 75.12        (1.998e+05%)

correlation matrix of the fit parameters:
                Eo     a      ao     
Eo              1.000 
a               1.000  1.000 
ao              1.000  1.000  1.000 
