

*******************************************************************************
Wed Mar 11 16:10:32 2020


FIT:    data read from 'rn-e-2.dat' u 1:2
        format = x:z
        #datapoints = 16
        residuals are weighted equally (unit weight)

function used for fitting: E(x)
	E(x)=Eo*(1.0+a*(x/ao-1.0))*exp(-a*(x/ao-1.0))*(x-Rc)**4.0/(Tc**4+(x-Rc)**4)-0.795023
fitted parameters initialized with current variable values

iter      chisq       delta/lim  lambda   Eo            a             ao           
   0 1.0539027050e+01   0.00e+00  2.19e+00   -5.000000e+00   1.000000e-01   2.500000e+00
 328 2.6231828297e-04  -7.83e-01  2.19e-03   -5.218234e+00   1.272040e-01   3.725253e-01

After 328 iterations the fit converged.
final sum of squares of residuals : 0.000262318
rel. change during last iteration : -7.83456e-06

degrees of freedom    (FIT_NDF)                        : 13
rms of residuals      (FIT_STDFIT) = sqrt(WSSR/ndf)    : 0.00449203
variance of residuals (reduced chisquare) = WSSR/ndf   : 2.01783e-05

Final set of parameters            Asymptotic Standard Error
=======================            ==========================
Eo              = -5.21823         +/- 16.42        (314.6%)
a               = 0.127204         +/- 10.29        (8089%)
ao              = 0.372525         +/- 28.84        (7742%)

correlation matrix of the fit parameters:
                Eo     a      ao     
Eo              1.000 
a               1.000  1.000 
ao              1.000  1.000  1.000 
